[debug] [2023-04-12T17:31:41.285Z] ----------------------------------------------------------------------
[debug] [2023-04-12T17:31:41.287Z] Command:       /usr/bin/node /home/pedro/.yarn/bin/firebase emulators:start --only functions
[debug] [2023-04-12T17:31:41.287Z] CLI Version:   10.2.2
[debug] [2023-04-12T17:31:41.287Z] Platform:      linux
[debug] [2023-04-12T17:31:41.287Z] Node Version:  v14.19.1
[debug] [2023-04-12T17:31:41.288Z] Time:          Wed Apr 12 2023 18:31:41 GMT+0100 (Western European Summer Time)
[debug] [2023-04-12T17:31:41.288Z] ----------------------------------------------------------------------
[debug] 
[debug] [2023-04-12T17:31:41.343Z] > command requires scopes: ["email","openid","https://www.googleapis.com/auth/cloudplatformprojects.readonly","https://www.googleapis.com/auth/firebase","https://www.googleapis.com/auth/cloud-platform"]
[debug] [2023-04-12T17:31:41.343Z] > authorizing via signed-in user (pedrogilsenarego@gmail.com)
[info] i  emulators: Starting emulators: functions {"metadata":{"emulator":{"name":"hub"},"message":"Starting emulators: functions"}}
[debug] [2023-04-12T17:31:41.368Z] [hub] writing locator at /tmp/hub-octo-29041.json
[warn] ⚠  functions: The following emulators are not running, calls to these services from the Functions emulator will affect production: auth, firestore, database, hosting, pubsub, storage {"metadata":{"emulator":{"name":"functions"},"message":"The following emulators are not running, calls to these services from the Functions emulator will affect production: \u001b[1mauth, firestore, database, hosting, pubsub, storage\u001b[22m"}}
[info] ✔  functions: Using node@14 from host. {"metadata":{"emulator":{"name":"functions"},"message":"Using node@14 from host."}}
[debug] [2023-04-12T17:31:41.396Z] defaultcredentials: writing to file /home/pedro/.config/firebase/pedrogilsenarego_gmail_com_application_default_credentials.json
[debug] [2023-04-12T17:31:41.399Z] Setting GAC to /home/pedro/.config/firebase/pedrogilsenarego_gmail_com_application_default_credentials.json {"metadata":{"emulator":{"name":"functions"},"message":"Setting GAC to /home/pedro/.config/firebase/pedrogilsenarego_gmail_com_application_default_credentials.json"}}
[debug] [2023-04-12T17:31:41.401Z] >>> [apiv2][query] GET https://firebase.googleapis.com/v1beta1/projects/octo-29041/adminSdkConfig [none]
[debug] [2023-04-12T17:31:41.765Z] <<< [apiv2][status] GET https://firebase.googleapis.com/v1beta1/projects/octo-29041/adminSdkConfig 200
[debug] [2023-04-12T17:31:41.765Z] <<< [apiv2][body] GET https://firebase.googleapis.com/v1beta1/projects/octo-29041/adminSdkConfig {"projectId":"octo-29041","storageBucket":"octo-29041.appspot.com"}
[debug] [2023-04-12T17:31:41.783Z] Ignoring unsupported arg: auto_download {"metadata":{"emulator":{"name":"ui"},"message":"Ignoring unsupported arg: auto_download"}}
[debug] [2023-04-12T17:31:41.783Z] Ignoring unsupported arg: port {"metadata":{"emulator":{"name":"ui"},"message":"Ignoring unsupported arg: port"}}
[debug] [2023-04-12T17:31:41.783Z] Starting Emulator UI with command {"binary":"node","args":["/home/pedro/.cache/firebase/emulators/ui-v1.6.5/server.bundle.js"],"optionalArgs":[],"joinArgs":false} {"metadata":{"emulator":{"name":"ui"},"message":"Starting Emulator UI with command {\"binary\":\"node\",\"args\":[\"/home/pedro/.cache/firebase/emulators/ui-v1.6.5/server.bundle.js\"],\"optionalArgs\":[],\"joinArgs\":false}"}}
[info] i  ui: Emulator UI logging to ui-debug.log {"metadata":{"emulator":{"name":"ui"},"message":"Emulator UI logging to \u001b[1mui-debug.log\u001b[22m"}}
[debug] [2023-04-12T17:31:41.871Z] Web / API server started at localhost:4000
 {"metadata":{"emulator":{"name":"ui"},"message":"Web / API server started at localhost:4000\n"}}
[info] i  functions: Watching "/home/pedro/Documents/octo/functions" for Cloud Functions... {"metadata":{"emulator":{"name":"functions"},"message":"Watching \"/home/pedro/Documents/octo/functions\" for Cloud Functions..."}}
[debug] [2023-04-12T17:31:42.051Z] Validating nodejs source
[debug] [2023-04-12T17:31:43.316Z] > [functions] package.json contents: {
  "name": "functions",
  "description": "Cloud Functions for Firebase",
  "scripts": {
    "serve": "firebase emulators:start --only functions",
    "shell": "firebase functions:shell",
    "start": "npm run shell",
    "deploy": "firebase deploy --only functions",
    "logs": "firebase functions:log"
  },
  "engines": {
    "node": "14"
  },
  "main": "index.js",
  "dependencies": {
    "cors": "^2.8.5",
    "dotenv": "^16.0.3",
    "express": "^4.18.2",
    "firebase-admin": "^10.0.2",
    "firebase-functions": "^4.2.1",
    "stripe": "^12.0.0"
  },
  "devDependencies": {
    "firebase-functions-test": "^0.2.0"
  },
  "private": true
}
[debug] [2023-04-12T17:31:43.316Z] Building nodejs source
[debug] [2023-04-12T17:31:43.317Z] Analyzing nodejs backend spec
[info] ✔  functions[us-central1-api]: http function initialized (http://localhost:5001/octo-29041/us-central1/api). {"metadata":{"emulator":{"name":"functions"},"message":"\u001b[1mhttp\u001b[22m function initialized (http://localhost:5001/octo-29041/us-central1/api)."}}
[info] 
┌─────────────────────────────────────────────────────────────┐
│ ✔  All emulators ready! It is now safe to connect your app. │
│ i  View Emulator UI at http://localhost:4000                │
└─────────────────────────────────────────────────────────────┘

┌───────────┬────────────────┬─────────────────────────────────┐
│ Emulator  │ Host:Port      │ View in Emulator UI             │
├───────────┼────────────────┼─────────────────────────────────┤
│ Functions │ localhost:5001 │ http://localhost:4000/functions │
└───────────┴────────────────┴─────────────────────────────────┘
  Emulator Hub running at localhost:4400
  Other reserved ports: 4500

Issues? Report them at https://github.com/firebase/firebase-tools/issues and attach the *-debug.log files.
 
[debug] [2023-04-12T17:31:56.260Z] [work-queue] {"queueLength":1,"workRunningCount":0}
[debug] [2023-04-12T17:31:56.260Z] [work-queue] {"queueLength":0,"workRunningCount":1}
[debug] [2023-04-12T17:31:56.261Z] Accepted request POST /octo-29041/us-central1/api --> us-central1-api
[info] i  functions: Loaded environment variables from .env. 
[debug] [2023-04-12T17:31:56.270Z] [worker-pool] addWorker(us-central1-api) {"metadata":{"emulator":{"name":"functions"},"message":"[worker-pool] addWorker(us-central1-api)"}}
[debug] [2023-04-12T17:31:56.271Z] [worker-pool] Adding worker with key us-central1-api, total=1 {"metadata":{"emulator":{"name":"functions"},"message":"[worker-pool] Adding worker with key us-central1-api, total=1"}}
[debug] [2023-04-12T17:31:56.271Z] [worker-pool] submitWork(triggerId=us-central1-api) {"metadata":{"emulator":{"name":"functions"},"message":"[worker-pool] submitWork(triggerId=us-central1-api)"}}
[debug] [2023-04-12T17:31:56.272Z] [worker-us-central1-api-e359e203-78cc-44ab-8987-536a37afa2ef]: Assigning socketPath: /tmp/fire_emu_25378.sock {"metadata":{"emulator":{"name":"functions"},"message":"[worker-us-central1-api-e359e203-78cc-44ab-8987-536a37afa2ef]: Assigning socketPath: /tmp/fire_emu_25378.sock"}}
[debug] [2023-04-12T17:31:56.272Z] [worker-us-central1-api-e359e203-78cc-44ab-8987-536a37afa2ef]: BUSY {"metadata":{"emulator":{"name":"functions"},"message":"[worker-us-central1-api-e359e203-78cc-44ab-8987-536a37afa2ef]: BUSY"}}
[debug] [2023-04-12T17:31:56.845Z] [runtime-status] [25378] Functions runtime initialized. {"cwd":"/home/pedro/Documents/octo/functions","node_version":"14.19.1"} {"metadata":{"emulator":{"name":"functions"},"function":{"name":"us-central1-api"},"extension":{},"message":"[runtime-status] [25378] Functions runtime initialized. {\"cwd\":\"/home/pedro/Documents/octo/functions\",\"node_version\":\"14.19.1\"}"}}
[debug] [2023-04-12T17:31:56.846Z] [runtime-status] [25378] Disabled runtime features: undefined {"metadata":{"emulator":{"name":"functions"},"function":{"name":"us-central1-api"},"extension":{},"message":"[runtime-status] [25378] Disabled runtime features: undefined"}}
[debug] [2023-04-12T17:31:56.847Z] [runtime-status] [25378] Resolved module firebase-admin {"declared":true,"installed":true,"version":"10.3.0","resolution":"/home/pedro/Documents/octo/functions/node_modules/firebase-admin/lib/index.js"} {"metadata":{"emulator":{"name":"functions"},"function":{"name":"us-central1-api"},"extension":{},"message":"[runtime-status] [25378] Resolved module firebase-admin {\"declared\":true,\"installed\":true,\"version\":\"10.3.0\",\"resolution\":\"/home/pedro/Documents/octo/functions/node_modules/firebase-admin/lib/index.js\"}"}}
[debug] [2023-04-12T17:31:56.848Z] [runtime-status] [25378] Resolved module firebase-functions {"declared":true,"installed":true,"version":"4.2.1","resolution":"/home/pedro/Documents/octo/functions/node_modules/firebase-functions/lib/v1/index.js"} {"metadata":{"emulator":{"name":"functions"},"function":{"name":"us-central1-api"},"extension":{},"message":"[runtime-status] [25378] Resolved module firebase-functions {\"declared\":true,\"installed\":true,\"version\":\"4.2.1\",\"resolution\":\"/home/pedro/Documents/octo/functions/node_modules/firebase-functions/lib/v1/index.js\"}"}}
[debug] [2023-04-12T17:31:56.849Z] [runtime-status] [25378] Outgoing network have been stubbed. [{"name":"http","status":"mocked"},{"name":"http","status":"mocked"},{"name":"https","status":"mocked"},{"name":"https","status":"mocked"},{"name":"net","status":"mocked"}] {"metadata":{"emulator":{"name":"functions"},"function":{"name":"us-central1-api"},"extension":{},"message":"[runtime-status] [25378] Outgoing network have been stubbed. [{\"name\":\"http\",\"status\":\"mocked\"},{\"name\":\"http\",\"status\":\"mocked\"},{\"name\":\"https\",\"status\":\"mocked\"},{\"name\":\"https\",\"status\":\"mocked\"},{\"name\":\"net\",\"status\":\"mocked\"}]"}}
[debug] [2023-04-12T17:31:56.849Z] [runtime-status] [25378] Resolved module firebase-functions {"declared":true,"installed":true,"version":"4.2.1","resolution":"/home/pedro/Documents/octo/functions/node_modules/firebase-functions/lib/v1/index.js"} {"metadata":{"emulator":{"name":"functions"},"function":{"name":"us-central1-api"},"extension":{},"message":"[runtime-status] [25378] Resolved module firebase-functions {\"declared\":true,\"installed\":true,\"version\":\"4.2.1\",\"resolution\":\"/home/pedro/Documents/octo/functions/node_modules/firebase-functions/lib/v1/index.js\"}"}}
[debug] [2023-04-12T17:31:56.945Z] [runtime-status] [25378] Checked functions.config() {"config":{}} {"metadata":{"emulator":{"name":"functions"},"function":{"name":"us-central1-api"},"extension":{},"message":"[runtime-status] [25378] Checked functions.config() {\"config\":{}}"}}
[debug] [2023-04-12T17:31:56.946Z] [runtime-status] [25378] firebase-functions has been stubbed. {"functionsResolution":{"declared":true,"installed":true,"version":"4.2.1","resolution":"/home/pedro/Documents/octo/functions/node_modules/firebase-functions/lib/v1/index.js"}} {"metadata":{"emulator":{"name":"functions"},"function":{"name":"us-central1-api"},"extension":{},"message":"[runtime-status] [25378] firebase-functions has been stubbed. {\"functionsResolution\":{\"declared\":true,\"installed\":true,\"version\":\"4.2.1\",\"resolution\":\"/home/pedro/Documents/octo/functions/node_modules/firebase-functions/lib/v1/index.js\"}}"}}
[debug] [2023-04-12T17:31:56.946Z] [runtime-status] [25378] Resolved module firebase-functions {"declared":true,"installed":true,"version":"4.2.1","resolution":"/home/pedro/Documents/octo/functions/node_modules/firebase-functions/lib/v1/index.js"} {"metadata":{"emulator":{"name":"functions"},"function":{"name":"us-central1-api"},"extension":{},"message":"[runtime-status] [25378] Resolved module firebase-functions {\"declared\":true,\"installed\":true,\"version\":\"4.2.1\",\"resolution\":\"/home/pedro/Documents/octo/functions/node_modules/firebase-functions/lib/v1/index.js\"}"}}
[debug] [2023-04-12T17:31:56.947Z] [runtime-status] [25378] Resolved module firebase-admin {"declared":true,"installed":true,"version":"10.3.0","resolution":"/home/pedro/Documents/octo/functions/node_modules/firebase-admin/lib/index.js"} {"metadata":{"emulator":{"name":"functions"},"function":{"name":"us-central1-api"},"extension":{},"message":"[runtime-status] [25378] Resolved module firebase-admin {\"declared\":true,\"installed\":true,\"version\":\"10.3.0\",\"resolution\":\"/home/pedro/Documents/octo/functions/node_modules/firebase-admin/lib/index.js\"}"}}
[debug] [2023-04-12T17:31:56.948Z] [runtime-status] [25378] Resolved module firebase-functions {"declared":true,"installed":true,"version":"4.2.1","resolution":"/home/pedro/Documents/octo/functions/node_modules/firebase-functions/lib/v1/index.js"} {"metadata":{"emulator":{"name":"functions"},"function":{"name":"us-central1-api"},"extension":{},"message":"[runtime-status] [25378] Resolved module firebase-functions {\"declared\":true,\"installed\":true,\"version\":\"4.2.1\",\"resolution\":\"/home/pedro/Documents/octo/functions/node_modules/firebase-functions/lib/v1/index.js\"}"}}
[debug] [2023-04-12T17:31:56.948Z] [runtime-status] [25378] firebase-admin has been stubbed. {"adminResolution":{"declared":true,"installed":true,"version":"10.3.0","resolution":"/home/pedro/Documents/octo/functions/node_modules/firebase-admin/lib/index.js"}} {"metadata":{"emulator":{"name":"functions"},"function":{"name":"us-central1-api"},"extension":{},"message":"[runtime-status] [25378] firebase-admin has been stubbed. {\"adminResolution\":{\"declared\":true,\"installed\":true,\"version\":\"10.3.0\",\"resolution\":\"/home/pedro/Documents/octo/functions/node_modules/firebase-admin/lib/index.js\"}}"}}
[debug] [2023-04-12T17:31:57.012Z] [runtime-status] [25378] Beginning invocation function api! {"metadata":{"emulator":{"name":"functions"},"function":{"name":"us-central1-api"},"extension":{},"message":"[runtime-status] [25378] Beginning invocation function api!"}}
[info] i  functions: Beginning execution of "api" {"metadata":{"emulator":{"name":"functions"},"function":{"name":"us-central1-api"},"extension":{},"message":"Beginning execution of \"api\""}}
[debug] [2023-04-12T17:31:57.012Z] [runtime-status] [25378] Running api in signature http {"metadata":{"emulator":{"name":"functions"},"function":{"name":"us-central1-api"},"extension":{},"message":"[runtime-status] [25378] Running api in signature http"}}
[debug] [2023-04-12T17:31:57.015Z] [runtime-status] [25378] Attempting to listen to socketPath: /tmp/fire_emu_25378.sock {"metadata":{"emulator":{"name":"functions"},"function":{"name":"us-central1-api"},"extension":{},"message":"[runtime-status] [25378] Attempting to listen to socketPath: /tmp/fire_emu_25378.sock"}}
[debug] [2023-04-12T17:31:57.056Z] [functions] Runtime ready! Sending request! {"metadata":{"emulator":{"name":"functions"},"message":"[functions] Runtime ready! Sending request!"}}
[debug] [2023-04-12T17:31:57.057Z] [functions] Got req.url=/octo-29041/us-central1/api, mapping to path=/ {"metadata":{"emulator":{"name":"functions"},"message":"[functions] Got req.url=/octo-29041/us-central1/api, mapping to path=/"}}
[debug] [2023-04-12T17:31:57.067Z] [runtime-status] [25378] Ephemeral server handling POST request {"metadata":{"emulator":{"name":"functions"},"function":{"name":"us-central1-api"},"extension":{},"message":"[runtime-status] [25378] Ephemeral server handling POST request"}}
[debug] [2023-04-12T17:31:57.070Z] [runtime-status] [25378] Ephemeral server survived. {"metadata":{"emulator":{"name":"functions"},"function":{"name":"us-central1-api"},"extension":{},"message":"[runtime-status] [25378] Ephemeral server survived."}}
[info] i  functions: Finished "api" in ~1s {"metadata":{"emulator":{"name":"functions"},"function":{"name":"us-central1-api"},"extension":{},"message":"Finished \"api\" in ~1s"}}
[debug] [2023-04-12T17:31:57.073Z] [worker-us-central1-api-e359e203-78cc-44ab-8987-536a37afa2ef]: IDLE {"metadata":{"emulator":{"name":"functions"},"message":"[worker-us-central1-api-e359e203-78cc-44ab-8987-536a37afa2ef]: IDLE"}}
[debug] [2023-04-12T17:31:57.073Z] [work-queue] {"queueLength":0,"workRunningCount":0}
